0 info it worked if it ends with ok
1 verbose cli [ 'C:\\Program Files\\nodejs\\node.exe',
1 verbose cli   'C:\\Program Files\\nodejs\\node_modules\\npm\\bin\\npm-cli.js',
1 verbose cli   'run',
1 verbose cli   'build' ]
2 info using npm@3.10.9
3 info using node@v6.9.2
4 verbose run-script [ 'prebuild', 'build', 'postbuild' ]
5 info lifecycle meanstack@1.0.0~prebuild: meanstack@1.0.0
6 silly lifecycle meanstack@1.0.0~prebuild: no script for prebuild, continuing
7 info lifecycle meanstack@1.0.0~build: meanstack@1.0.0
8 verbose lifecycle meanstack@1.0.0~build: unsafe-perm in lifecycle true
9 verbose lifecycle meanstack@1.0.0~build: PATH: C:\Program Files\nodejs\node_modules\npm\bin\node-gyp-bin;E:\ag2\Blog\node_modules\.bin;C:\Program Files (x86)\PHP\v5.6;C:\Program Files (x86)\iis express\PHP\v5.5;C:\WINDOWS\system32\inetsrv;C:\Program Files (x86)\iis express\PHP\v5.4;C:\Program Files (x86)\RSA SecurID Token Common;C:\WINDOWS\system32;C:\WINDOWS;C:\WINDOWS\System32\Wbem;C:\WINDOWS\System32\WindowsPowerShell\v1.0\;C:\Program Files\Microsoft SQL Server\110\Tools\Binn\;C:\Program Files (x86)\Microsoft SQL Server\110\Tools\Binn\;C:\Program Files\Microsoft SQL Server\110\DTS\Binn\;C:\Program Files (x86)\Microsoft SQL Server\110\Tools\Binn\ManagementStudio\;C:\Program Files (x86)\Microsoft Visual Studio 10.0\Common7\IDE\PrivateAssemblies\;C:\Program Files (x86)\Microsoft SQL Server\110\DTS\Binn\;C:\Program Files (x86)\Windows Kits\8.1\Windows Performance Toolkit\;C:\Program Files (x86)\Microsoft SDKs\TypeScript\1.0\;C:\Program Files\Microsoft SQL Server\120\Tools\Binn\;C:\Program Files (x86)\MySQL\MySQL Fabric 1.5.4 & MySQL Utilities 1.5.4 1.5\Doctrine extension;C:\Program Files\Microsoft\Web Platform Installer\;C;C:\WINDOWS\system32;C:\WINDOWS;C:\WINDOWS\System32\Wbem;C:\WINDOWS\System32\WindowsPowerShell\v1.0\;C:\Program Files\MongoDB\Server\3.2\bin;C:\Program Files\nodejs\;C:\Program Files\PuTTY\;C:\Program Files\Amazon\AWSCLI\;C:\Python34;C:\Python34\Scripts;sangeetha.EPRMTECH\AppData\Roaming\Python\Scripts;C:\Users\sangeetha.EPRMTECH\AppData\Roaming\Python\Scripts;C:\Program Files (x86)\Google\Cloud SDK\google-cloud-sdk\bin;C:\Users\pradep\AppData\Roaming\npm;C:\Users\pradep\AppData\Roaming\npm\node_modules\@angular\cli\bin;C:\Program Files\Heroku\bin;C:\Users\pradep\AppData\Local\Microsoft\WindowsApps;C:\Users\pradep\AppData\Local\GitHubDesktop\bin;C:\Users\pradep\AppData\Local\atom\bin;C:\Users\pradep\AppData\Local\Programs\Git\cmd
10 verbose lifecycle meanstack@1.0.0~build: CWD: E:\ag2\Blog
11 silly lifecycle meanstack@1.0.0~build: Args: [ '/d /s /c', 'cd client && ng build --prod' ]
12 silly lifecycle meanstack@1.0.0~build: Returned: code: 2  signal: null
13 info lifecycle meanstack@1.0.0~build: Failed to exec build script
14 verbose stack Error: meanstack@1.0.0 build: `cd client && ng build --prod`
14 verbose stack Exit status 2
14 verbose stack     at EventEmitter.<anonymous> (C:\Program Files\nodejs\node_modules\npm\lib\utils\lifecycle.js:255:16)
14 verbose stack     at emitTwo (events.js:106:13)
14 verbose stack     at EventEmitter.emit (events.js:191:7)
14 verbose stack     at ChildProcess.<anonymous> (C:\Program Files\nodejs\node_modules\npm\lib\utils\spawn.js:40:14)
14 verbose stack     at emitTwo (events.js:106:13)
14 verbose stack     at ChildProcess.emit (events.js:191:7)
14 verbose stack     at maybeClose (internal/child_process.js:877:16)
14 verbose stack     at Process.ChildProcess._handle.onexit (internal/child_process.js:226:5)
15 verbose pkgid meanstack@1.0.0
16 verbose cwd E:\ag2\Blog
17 error Windows_NT 10.0.15063
18 error argv "C:\\Program Files\\nodejs\\node.exe" "C:\\Program Files\\nodejs\\node_modules\\npm\\bin\\npm-cli.js" "run" "build"
19 error node v6.9.2
20 error npm  v3.10.9
21 error code ELIFECYCLE
22 error meanstack@1.0.0 build: `cd client && ng build --prod`
22 error Exit status 2
23 error Failed at the meanstack@1.0.0 build script 'cd client && ng build --prod'.
23 error Make sure you have the latest version of node.js and npm installed.
23 error If you do, this is most likely a problem with the meanstack package,
23 error not with npm itself.
23 error Tell the author that this fails on your system:
23 error     cd client && ng build --prod
23 error You can get information on how to open an issue for this project with:
23 error     npm bugs meanstack
23 error Or if that isn't available, you can get their info via:
23 error     npm owner ls meanstack
23 error There is likely additional logging output above.
24 verbose exit [ 1, true ]
